2026-06-12 08:59:10,932 [INFO] Project root : C:\Users\gmm71\OneDrive - University of Cambridge\Documents\Emulation models\abm-epidemic-emulator
2026-06-12 08:59:10,933 [INFO] Plan         : 6 trainings, 18 evaluation conditions
2026-06-12 08:59:10,934 [INFO] RUN: C:\Users\gmm71\OneDrive - University of Cambridge\Documents\Emulation models\abm-epidemic-emulator\venv\Scripts\python.exe C:\Users\gmm71\OneDrive - University of Cambridge\Documents\Emulation models\abm-epidemic-emulator\experiments\lhs-sampling\scripts\step3_train.py --input C:\Users\gmm71\OneDrive - University of Cambridge\Documents\Emulation models\abm-epidemic-emulator\experiments\lhs-sampling\data\augmented\epidemic_data_age_adaptive_sobol_split_augmented.pkl --output_dir C:\Users\gmm71\OneDrive - University of Cambridge\Documents\Emulation models\abm-epidemic-emulator\experiments\runs\models\LHS_aug
2026-06-12 08:01:54,377 [INFO] Project root : /sessions/gifted-intelligent-faraday/mnt/OneDrive - University of Cambridge/Documents/Emulation models/abm-epidemic-emulator
2026-06-12 08:01:54,378 [INFO] Plan         : 6 trainings, 18 evaluation conditions
2026-06-12 09:07:04,982 [INFO] Project root : C:\Users\gmm71\OneDrive - University of Cambridge\Documents\Emulation models\abm-epidemic-emulator
2026-06-12 09:07:04,983 [INFO] Plan         : 6 trainings, 18 evaluation conditions
2026-06-12 09:07:04,984 [INFO] RUN: C:\Users\gmm71\OneDrive - University of Cambridge\Documents\Emulation models\abm-epidemic-emulator\venv\Scripts\python.exe C:\Users\gmm71\OneDrive - University of Cambridge\Documents\Emulation models\abm-epidemic-emulator\experiments\lhs-sampling\scripts\step3_train.py --input C:\Users\gmm71\OneDrive - University of Cambridge\Documents\Emulation models\abm-epidemic-emulator\experiments\lhs-sampling\data\augmented\epidemic_data_age_adaptive_sobol_split_augmented.pkl --output_dir C:\Users\gmm71\OneDrive - University of Cambridge\Documents\Emulation models\abm-epidemic-emulator\experiments\runs\models\LHS_aug
2026-06-12 09:11:29,226 [INFO] Trained LHS_aug in 264.2s
2026-06-12 09:11:29,305 [INFO] RUN: C:\Users\gmm71\OneDrive - University of Cambridge\Documents\Emulation models\abm-epidemic-emulator\venv\Scripts\python.exe C:\Users\gmm71\OneDrive - University of Cambridge\Documents\Emulation models\abm-epidemic-emulator\experiments\lhs-sampling\scripts\step3_train.py --input C:\Users\gmm71\OneDrive - University of Cambridge\Documents\Emulation models\abm-epidemic-emulator\experiments\lhs-sampling\data\split\epidemic_data_age_adaptive_sobol_split.pkl --output_dir C:\Users\gmm71\OneDrive - University of Cambridge\Documents\Emulation models\abm-epidemic-emulator\experiments\runs\models\LHS_noaug
2026-06-12 09:13:10,463 [INFO] Trained LHS_noaug in 101.2s
2026-06-12 09:13:10,467 [INFO] RUN: C:\Users\gmm71\OneDrive - University of Cambridge\Documents\Emulation models\abm-epidemic-emulator\venv\Scripts\python.exe C:\Users\gmm71\OneDrive - University of Cambridge\Documents\Emulation models\abm-epidemic-emulator\experiments\mcmc-sampling\scripts\step3_train.py --input C:\Users\gmm71\OneDrive - University of Cambridge\Documents\Emulation models\abm-epidemic-emulator\experiments\mcmc-sampling\data\augmented\epidemic_data_age_adaptive_sobol_split_augmented.pkl --output_dir C:\Users\gmm71\OneDrive - University of Cambridge\Documents\Emulation models\abm-epidemic-emulator\experiments\runs\models\MCMC_aug
2026-06-12 10:36:12,589 [INFO] Trained MCMC_aug in 4982.1s
2026-06-12 10:36:12,593 [INFO] RUN: C:\Users\gmm71\OneDrive - University of Cambridge\Documents\Emulation models\abm-epidemic-emulator\venv\Scripts\python.exe C:\Users\gmm71\OneDrive - University of Cambridge\Documents\Emulation models\abm-epidemic-emulator\experiments\mcmc-sampling\scripts\step3_train.py --input C:\Users\gmm71\OneDrive - University of Cambridge\Documents\Emulation models\abm-epidemic-emulator\experiments\mcmc-sampling\data\split\epidemic_data_age_adaptive_sobol_split.pkl --output_dir C:\Users\gmm71\OneDrive - University of Cambridge\Documents\Emulation models\abm-epidemic-emulator\experiments\runs\models\MCMC_noaug
2026-06-12 10:47:47,137 [INFO] Trained MCMC_noaug in 694.5s
2026-06-12 10:47:47,138 [INFO] RUN: C:\Users\gmm71\OneDrive - University of Cambridge\Documents\Emulation models\abm-epidemic-emulator\venv\Scripts\python.exe C:\Users\gmm71\OneDrive - University of Cambridge\Documents\Emulation models\abm-epidemic-emulator\experiments\random-sampling\scripts\step3_train.py --input C:\Users\gmm71\OneDrive - University of Cambridge\Documents\Emulation models\abm-epidemic-emulator\experiments\random-sampling\data\augmented\epidemic_data_age_adaptive_sobol_split_augmented.pkl --output_dir C:\Users\gmm71\OneDrive - University of Cambridge\Documents\Emulation models\abm-epidemic-emulator\experiments\runs\models\Random_aug
2026-06-12 10:52:08,293 [INFO] Trained Random_aug in 261.2s
2026-06-12 10:52:08,298 [INFO] RUN: C:\Users\gmm71\OneDrive - University of Cambridge\Documents\Emulation models\abm-epidemic-emulator\venv\Scripts\python.exe C:\Users\gmm71\OneDrive - University of Cambridge\Documents\Emulation models\abm-epidemic-emulator\experiments\random-sampling\scripts\step3_train.py --input C:\Users\gmm71\OneDrive - University of Cambridge\Documents\Emulation models\abm-epidemic-emulator\experiments\random-sampling\data\split\epidemic_data_age_adaptive_sobol_split.pkl --output_dir C:\Users\gmm71\OneDrive - University of Cambridge\Documents\Emulation models\abm-epidemic-emulator\experiments\runs\models\Random_noaug
2026-06-12 10:53:40,235 [INFO] Trained Random_noaug in 91.9s
2026-06-12 10:53:40,239 [INFO] RUN: C:\Users\gmm71\OneDrive - University of Cambridge\Documents\Emulation models\abm-epidemic-emulator\venv\Scripts\python.exe C:\Users\gmm71\OneDrive - University of Cambridge\Documents\Emulation models\abm-epidemic-emulator\experiments\lhs-sampling\scripts\step4_validate.py --models_dir C:\Users\gmm71\OneDrive - University of Cambridge\Documents\Emulation models\abm-epidemic-emulator\experiments\runs\models\LHS_aug --data C:\Users\gmm71\OneDrive - University of Cambridge\Documents\Emulation models\abm-epidemic-emulator\experiments\lhs-sampling\data\split\epidemic_data_age_adaptive_sobol_split.pkl --output_dir C:\Users\gmm71\OneDrive - University of Cambridge\Documents\Emulation models\abm-epidemic-emulator\experiments\runs\validation\LHS_aug --plots_dir C:\Users\gmm71\OneDrive - University of Cambridge\Documents\Emulation models\abm-epidemic-emulator\experiments\runs\validation\LHS_aug\plots
2026-06-12 10:53:47,708 [INFO] Validated LHS_aug in 7.5s -> validation_results.csv
2026-06-12 10:53:47,711 [INFO] RUN: C:\Users\gmm71\OneDrive - University of Cambridge\Documents\Emulation models\abm-epidemic-emulator\venv\Scripts\python.exe C:\Users\gmm71\OneDrive - University of Cambridge\Documents\Emulation models\abm-epidemic-emulator\experiments\lhs-sampling\scripts\step4_validate.py --models_dir C:\Users\gmm71\OneDrive - University of Cambridge\Documents\Emulation models\abm-epidemic-emulator\experiments\runs\models\LHS_noaug --data C:\Users\gmm71\OneDrive - University of Cambridge\Documents\Emulation models\abm-epidemic-emulator\experiments\lhs-sampling\data\split\epidemic_data_age_adaptive_sobol_split.pkl --output_dir C:\Users\gmm71\OneDrive - University of Cambridge\Documents\Emulation models\abm-epidemic-emulator\experiments\runs\validation\LHS_noaug --plots_dir C:\Users\gmm71\OneDrive - University of Cambridge\Documents\Emulation models\abm-epidemic-emulator\experiments\runs\validation\LHS_noaug\plots
2026-06-12 10:53:55,252 [INFO] Validated LHS_noaug in 7.5s -> validation_results.csv
2026-06-12 10:53:55,254 [INFO] RUN: C:\Users\gmm71\OneDrive - University of Cambridge\Documents\Emulation models\abm-epidemic-emulator\venv\Scripts\python.exe C:\Users\gmm71\OneDrive - University of Cambridge\Documents\Emulation models\abm-epidemic-emulator\experiments\mcmc-sampling\scripts\step4_validate.py --models_dir C:\Users\gmm71\OneDrive - University of Cambridge\Documents\Emulation models\abm-epidemic-emulator\experiments\runs\models\MCMC_aug --data C:\Users\gmm71\OneDrive - University of Cambridge\Documents\Emulation models\abm-epidemic-emulator\experiments\mcmc-sampling\data\split\epidemic_data_age_adaptive_sobol_split.pkl --output_dir C:\Users\gmm71\OneDrive - University of Cambridge\Documents\Emulation models\abm-epidemic-emulator\experiments\runs\validation\MCMC_aug --plots_dir C:\Users\gmm71\OneDrive - University of Cambridge\Documents\Emulation models\abm-epidemic-emulator\experiments\runs\validation\MCMC_aug\plots
2026-06-12 10:54:03,912 [INFO] Validated MCMC_aug in 8.7s -> validation_results.csv
2026-06-12 10:54:03,914 [INFO] RUN: C:\Users\gmm71\OneDrive - University of Cambridge\Documents\Emulation models\abm-epidemic-emulator\venv\Scripts\python.exe C:\Users\gmm71\OneDrive - University of Cambridge\Documents\Emulation models\abm-epidemic-emulator\experiments\mcmc-sampling\scripts\step4_validate.py --models_dir C:\Users\gmm71\OneDrive - University of Cambridge\Documents\Emulation models\abm-epidemic-emulator\experiments\runs\models\MCMC_noaug --data C:\Users\gmm71\OneDrive - University of Cambridge\Documents\Emulation models\abm-epidemic-emulator\experiments\mcmc-sampling\data\split\epidemic_data_age_adaptive_sobol_split.pkl --output_dir C:\Users\gmm71\OneDrive - University of Cambridge\Documents\Emulation models\abm-epidemic-emulator\experiments\runs\validation\MCMC_noaug --plots_dir C:\Users\gmm71\OneDrive - University of Cambridge\Documents\Emulation models\abm-epidemic-emulator\experiments\runs\validation\MCMC_noaug\plots
2026-06-12 10:54:12,978 [INFO] Validated MCMC_noaug in 9.1s -> validation_results.csv
2026-06-12 10:54:12,980 [INFO] RUN: C:\Users\gmm71\OneDrive - University of Cambridge\Documents\Emulation models\abm-epidemic-emulator\venv\Scripts\python.exe C:\Users\gmm71\OneDrive - University of Cambridge\Documents\Emulation models\abm-epidemic-emulator\experiments\random-sampling\scripts\step4_validate.py --models_dir C:\Users\gmm71\OneDrive - University of Cambridge\Documents\Emulation models\abm-epidemic-emulator\experiments\runs\models\Random_aug --data C:\Users\gmm71\OneDrive - University of Cambridge\Documents\Emulation models\abm-epidemic-emulator\experiments\random-sampling\data\split\epidemic_data_age_adaptive_sobol_split.pkl --output_dir C:\Users\gmm71\OneDrive - University of Cambridge\Documents\Emulation models\abm-epidemic-emulator\experiments\runs\validation\Random_aug --plots_dir C:\Users\gmm71\OneDrive - University of Cambridge\Documents\Emulation models\abm-epidemic-emulator\experiments\runs\validation\Random_aug\plots
2026-06-12 10:54:20,765 [INFO] Validated Random_aug in 7.8s -> validation_results.csv
2026-06-12 10:54:20,766 [INFO] RUN: C:\Users\gmm71\OneDrive - University of Cambridge\Documents\Emulation models\abm-epidemic-emulator\venv\Scripts\python.exe C:\Users\gmm71\OneDrive - University of Cambridge\Documents\Emulation models\abm-epidemic-emulator\experiments\random-sampling\scripts\step4_validate.py --models_dir C:\Users\gmm71\OneDrive - University of Cambridge\Documents\Emulation models\abm-epidemic-emulator\experiments\runs\models\Random_noaug --data C:\Users\gmm71\OneDrive - University of Cambridge\Documents\Emulation models\abm-epidemic-emulator\experiments\random-sampling\data\split\epidemic_data_age_adaptive_sobol_split.pkl --output_dir C:\Users\gmm71\OneDrive - University of Cambridge\Documents\Emulation models\abm-epidemic-emulator\experiments\runs\validation\Random_noaug --plots_dir C:\Users\gmm71\OneDrive - University of Cambridge\Documents\Emulation models\abm-epidemic-emulator\experiments\runs\validation\Random_noaug\plots
2026-06-12 10:54:28,643 [INFO] Validated Random_noaug in 7.9s -> validation_results.csv
2026-06-12 10:54:28,646 [INFO] RUN: C:\Users\gmm71\OneDrive - University of Cambridge\Documents\Emulation models\abm-epidemic-emulator\venv\Scripts\python.exe C:\Users\gmm71\OneDrive - University of Cambridge\Documents\Emulation models\abm-epidemic-emulator\experiments\lhs-sampling\scripts\step5_test.py --models_dir C:\Users\gmm71\OneDrive - University of Cambridge\Documents\Emulation models\abm-epidemic-emulator\experiments\runs\models\LHS_aug --data C:\Users\gmm71\OneDrive - University of Cambridge\Documents\Emulation models\abm-epidemic-emulator\experiments\lhs-sampling\data\split\epidemic_data_age_adaptive_sobol_split.pkl --output_dir C:\Users\gmm71\OneDrive - University of Cambridge\Documents\Emulation models\abm-epidemic-emulator\experiments\runs\results\LHS_aug_eval_LHS --plots_dir C:\Users\gmm71\OneDrive - University of Cambridge\Documents\Emulation models\abm-epidemic-emulator\experiments\runs\results\LHS_aug_eval_LHS\plots --train_strategy LHS --test_strategy LHS --augmentation 1
2026-06-12 10:54:38,487 [INFO] Recorded LHS_aug_eval_LHS in 9.8s -> test_results.csv
2026-06-12 10:54:38,488 [INFO] RUN: C:\Users\gmm71\OneDrive - University of Cambridge\Documents\Emulation models\abm-epidemic-emulator\venv\Scripts\python.exe C:\Users\gmm71\OneDrive - University of Cambridge\Documents\Emulation models\abm-epidemic-emulator\experiments\lhs-sampling\scripts\step6_test_mcmc_data.py --models_dir C:\Users\gmm71\OneDrive - University of Cambridge\Documents\Emulation models\abm-epidemic-emulator\experiments\runs\models\LHS_aug --data C:\Users\gmm71\OneDrive - University of Cambridge\Documents\Emulation models\abm-epidemic-emulator\experiments\mcmc-sampling\data\split\epidemic_data_age_adaptive_sobol_split.pkl --output_dir C:\Users\gmm71\OneDrive - University of Cambridge\Documents\Emulation models\abm-epidemic-emulator\experiments\runs\results\LHS_aug_eval_MCMC --plots_dir C:\Users\gmm71\OneDrive - University of Cambridge\Documents\Emulation models\abm-epidemic-emulator\experiments\runs\results\LHS_aug_eval_MCMC\plots --train_strategy LHS --test_strategy MCMC --augmentation 1
2026-06-12 10:54:49,236 [INFO] Recorded LHS_aug_eval_MCMC in 10.7s -> test_results.csv
2026-06-12 10:54:49,237 [INFO] RUN: C:\Users\gmm71\OneDrive - University of Cambridge\Documents\Emulation models\abm-epidemic-emulator\venv\Scripts\python.exe C:\Users\gmm71\OneDrive - University of Cambridge\Documents\Emulation models\abm-epidemic-emulator\experiments\lhs-sampling\scripts\step7_test_random.py --models_dir C:\Users\gmm71\OneDrive - University of Cambridge\Documents\Emulation models\abm-epidemic-emulator\experiments\runs\models\LHS_aug --data C:\Users\gmm71\OneDrive - University of Cambridge\Documents\Emulation models\abm-epidemic-emulator\experiments\random-sampling\data\split\epidemic_data_age_adaptive_sobol_split.pkl --output_dir C:\Users\gmm71\OneDrive - University of Cambridge\Documents\Emulation models\abm-epidemic-emulator\experiments\runs\results\LHS_aug_eval_Random --plots_dir C:\Users\gmm71\OneDrive - University of Cambridge\Documents\Emulation models\abm-epidemic-emulator\experiments\runs\results\LHS_aug_eval_Random\plots --train_strategy LHS --test_strategy Random --augmentation 1
2026-06-12 10:54:58,974 [INFO] Recorded LHS_aug_eval_Random in 9.7s -> test_results.csv
2026-06-12 10:54:58,975 [INFO] RUN: C:\Users\gmm71\OneDrive - University of Cambridge\Documents\Emulation models\abm-epidemic-emulator\venv\Scripts\python.exe C:\Users\gmm71\OneDrive - University of Cambridge\Documents\Emulation models\abm-epidemic-emulator\experiments\lhs-sampling\scripts\step5_test.py --models_dir C:\Users\gmm71\OneDrive - University of Cambridge\Documents\Emulation models\abm-epidemic-emulator\experiments\runs\models\LHS_noaug --data C:\Users\gmm71\OneDrive - University of Cambridge\Documents\Emulation models\abm-epidemic-emulator\experiments\lhs-sampling\data\split\epidemic_data_age_adaptive_sobol_split.pkl --output_dir C:\Users\gmm71\OneDrive - University of Cambridge\Documents\Emulation models\abm-epidemic-emulator\experiments\runs\results\LHS_noaug_eval_LHS --plots_dir C:\Users\gmm71\OneDrive - University of Cambridge\Documents\Emulation models\abm-epidemic-emulator\experiments\runs\results\LHS_noaug_eval_LHS\plots --train_strategy LHS --test_strategy LHS --augmentation 0
2026-06-12 10:55:08,737 [INFO] Recorded LHS_noaug_eval_LHS in 9.8s -> test_results.csv
2026-06-12 10:55:08,738 [INFO] RUN: C:\Users\gmm71\OneDrive - University of Cambridge\Documents\Emulation models\abm-epidemic-emulator\venv\Scripts\python.exe C:\Users\gmm71\OneDrive - University of Cambridge\Documents\Emulation models\abm-epidemic-emulator\experiments\lhs-sampling\scripts\step6_test_mcmc_data.py --models_dir C:\Users\gmm71\OneDrive - University of Cambridge\Documents\Emulation models\abm-epidemic-emulator\experiments\runs\models\LHS_noaug --data C:\Users\gmm71\OneDrive - University of Cambridge\Documents\Emulation models\abm-epidemic-emulator\experiments\mcmc-sampling\data\split\epidemic_data_age_adaptive_sobol_split.pkl --output_dir C:\Users\gmm71\OneDrive - University of Cambridge\Documents\Emulation models\abm-epidemic-emulator\experiments\runs\results\LHS_noaug_eval_MCMC --plots_dir C:\Users\gmm71\OneDrive - University of Cambridge\Documents\Emulation models\abm-epidemic-emulator\experiments\runs\results\LHS_noaug_eval_MCMC\plots --train_strategy LHS --test_strategy MCMC --augmentation 0
2026-06-12 10:55:19,427 [INFO] Recorded LHS_noaug_eval_MCMC in 10.7s -> test_results.csv
2026-06-12 10:55:19,428 [INFO] RUN: C:\Users\gmm71\OneDrive - University of Cambridge\Documents\Emulation models\abm-epidemic-emulator\venv\Scripts\python.exe C:\Users\gmm71\OneDrive - University of Cambridge\Documents\Emulation models\abm-epidemic-emulator\experiments\lhs-sampling\scripts\step7_test_random.py --models_dir C:\Users\gmm71\OneDrive - University of Cambridge\Documents\Emulation models\abm-epidemic-emulator\experiments\runs\models\LHS_noaug --data C:\Users\gmm71\OneDrive - University of Cambridge\Documents\Emulation models\abm-epidemic-emulator\experiments\random-sampling\data\split\epidemic_data_age_adaptive_sobol_split.pkl --output_dir C:\Users\gmm71\OneDrive - University of Cambridge\Documents\Emulation models\abm-epidemic-emulator\experiments\runs\results\LHS_noaug_eval_Random --plots_dir C:\Users\gmm71\OneDrive - University of Cambridge\Documents\Emulation models\abm-epidemic-emulator\experiments\runs\results\LHS_noaug_eval_Random\plots --train_strategy LHS --test_strategy Random --augmentation 0
2026-06-12 10:55:29,068 [INFO] Recorded LHS_noaug_eval_Random in 9.6s -> test_results.csv
2026-06-12 10:55:29,070 [INFO] RUN: C:\Users\gmm71\OneDrive - University of Cambridge\Documents\Emulation models\abm-epidemic-emulator\venv\Scripts\python.exe C:\Users\gmm71\OneDrive - University of Cambridge\Documents\Emulation models\abm-epidemic-emulator\experiments\mcmc-sampling\scripts\step6_test_lhs_data.py --models_dir C:\Users\gmm71\OneDrive - University of Cambridge\Documents\Emulation models\abm-epidemic-emulator\experiments\runs\models\MCMC_aug --data C:\Users\gmm71\OneDrive - University of Cambridge\Documents\Emulation models\abm-epidemic-emulator\experiments\lhs-sampling\data\split\epidemic_data_age_adaptive_sobol_split.pkl --output_dir C:\Users\gmm71\OneDrive - University of Cambridge\Documents\Emulation models\abm-epidemic-emulator\experiments\runs\results\MCMC_aug_eval_LHS --plots_dir C:\Users\gmm71\OneDrive - University of Cambridge\Documents\Emulation models\abm-epidemic-emulator\experiments\runs\results\MCMC_aug_eval_LHS\plots --train_strategy MCMC --test_strategy LHS --augmentation 1
2026-06-12 10:55:38,291 [INFO] Recorded MCMC_aug_eval_LHS in 9.2s -> test_results.csv
2026-06-12 10:55:38,292 [INFO] RUN: C:\Users\gmm71\OneDrive - University of Cambridge\Documents\Emulation models\abm-epidemic-emulator\venv\Scripts\python.exe C:\Users\gmm71\OneDrive - University of Cambridge\Documents\Emulation models\abm-epidemic-emulator\experiments\mcmc-sampling\scripts\step5_test2.py --models_dir C:\Users\gmm71\OneDrive - University of Cambridge\Documents\Emulation models\abm-epidemic-emulator\experiments\runs\models\MCMC_aug --data C:\Users\gmm71\OneDrive - University of Cambridge\Documents\Emulation models\abm-epidemic-emulator\experiments\mcmc-sampling\data\split\epidemic_data_age_adaptive_sobol_split.pkl --output_dir C:\Users\gmm71\OneDrive - University of Cambridge\Documents\Emulation models\abm-epidemic-emulator\experiments\runs\results\MCMC_aug_eval_MCMC --plots_dir C:\Users\gmm71\OneDrive - University of Cambridge\Documents\Emulation models\abm-epidemic-emulator\experiments\runs\results\MCMC_aug_eval_MCMC\plots --train_strategy MCMC --test_strategy MCMC --augmentation 1
2026-06-12 10:55:48,528 [INFO] Recorded MCMC_aug_eval_MCMC in 10.2s -> test_results.csv
2026-06-12 10:55:48,529 [INFO] RUN: C:\Users\gmm71\OneDrive - University of Cambridge\Documents\Emulation models\abm-epidemic-emulator\venv\Scripts\python.exe C:\Users\gmm71\OneDrive - University of Cambridge\Documents\Emulation models\abm-epidemic-emulator\experiments\mcmc-sampling\scripts\step6_test_random_sampling_data.py --models_dir C:\Users\gmm71\OneDrive - University of Cambridge\Documents\Emulation models\abm-epidemic-emulator\experiments\runs\models\MCMC_aug --data C:\Users\gmm71\OneDrive - University of Cambridge\Documents\Emulation models\abm-epidemic-emulator\experiments\random-sampling\data\split\epidemic_data_age_adaptive_sobol_split.pkl --output_dir C:\Users\gmm71\OneDrive - University of Cambridge\Documents\Emulation models\abm-epidemic-emulator\experiments\runs\results\MCMC_aug_eval_Random --plots_dir C:\Users\gmm71\OneDrive - University of Cambridge\Documents\Emulation models\abm-epidemic-emulator\experiments\runs\results\MCMC_aug_eval_Random\plots --train_strategy MCMC --test_strategy Random --augmentation 1
2026-06-12 10:55:57,746 [INFO] Recorded MCMC_aug_eval_Random in 9.2s -> test_results.csv
2026-06-12 10:55:57,748 [INFO] RUN: C:\Users\gmm71\OneDrive - University of Cambridge\Documents\Emulation models\abm-epidemic-emulator\venv\Scripts\python.exe C:\Users\gmm71\OneDrive - University of Cambridge\Documents\Emulation models\abm-epidemic-emulator\experiments\mcmc-sampling\scripts\step6_test_lhs_data.py --models_dir C:\Users\gmm71\OneDrive - University of Cambridge\Documents\Emulation models\abm-epidemic-emulator\experiments\runs\models\MCMC_noaug --data C:\Users\gmm71\OneDrive - University of Cambridge\Documents\Emulation models\abm-epidemic-emulator\experiments\lhs-sampling\data\split\epidemic_data_age_adaptive_sobol_split.pkl --output_dir C:\Users\gmm71\OneDrive - University of Cambridge\Documents\Emulation models\abm-epidemic-emulator\experiments\runs\results\MCMC_noaug_eval_LHS --plots_dir C:\Users\gmm71\OneDrive - University of Cambridge\Documents\Emulation models\abm-epidemic-emulator\experiments\runs\results\MCMC_noaug_eval_LHS\plots --train_strategy MCMC --test_strategy LHS --augmentation 0
2026-06-12 10:56:06,985 [INFO] Recorded MCMC_noaug_eval_LHS in 9.2s -> test_results.csv
2026-06-12 10:56:06,987 [INFO] RUN: C:\Users\gmm71\OneDrive - University of Cambridge\Documents\Emulation models\abm-epidemic-emulator\venv\Scripts\python.exe C:\Users\gmm71\OneDrive - University of Cambridge\Documents\Emulation models\abm-epidemic-emulator\experiments\mcmc-sampling\scripts\step5_test2.py --models_dir C:\Users\gmm71\OneDrive - University of Cambridge\Documents\Emulation models\abm-epidemic-emulator\experiments\runs\models\MCMC_noaug --data C:\Users\gmm71\OneDrive - University of Cambridge\Documents\Emulation models\abm-epidemic-emulator\experiments\mcmc-sampling\data\split\epidemic_data_age_adaptive_sobol_split.pkl --output_dir C:\Users\gmm71\OneDrive - University of Cambridge\Documents\Emulation models\abm-epidemic-emulator\experiments\runs\results\MCMC_noaug_eval_MCMC --plots_dir C:\Users\gmm71\OneDrive - University of Cambridge\Documents\Emulation models\abm-epidemic-emulator\experiments\runs\results\MCMC_noaug_eval_MCMC\plots --train_strategy MCMC --test_strategy MCMC --augmentation 0
2026-06-12 10:56:17,092 [INFO] Recorded MCMC_noaug_eval_MCMC in 10.1s -> test_results.csv
2026-06-12 10:56:17,095 [INFO] RUN: C:\Users\gmm71\OneDrive - University of Cambridge\Documents\Emulation models\abm-epidemic-emulator\venv\Scripts\python.exe C:\Users\gmm71\OneDrive - University of Cambridge\Documents\Emulation models\abm-epidemic-emulator\experiments\mcmc-sampling\scripts\step6_test_random_sampling_data.py --models_dir C:\Users\gmm71\OneDrive - University of Cambridge\Documents\Emulation models\abm-epidemic-emulator\experiments\runs\models\MCMC_noaug --data C:\Users\gmm71\OneDrive - University of Cambridge\Documents\Emulation models\abm-epidemic-emulator\experiments\random-sampling\data\split\epidemic_data_age_adaptive_sobol_split.pkl --output_dir C:\Users\gmm71\OneDrive - University of Cambridge\Documents\Emulation models\abm-epidemic-emulator\experiments\runs\results\MCMC_noaug_eval_Random --plots_dir C:\Users\gmm71\OneDrive - University of Cambridge\Documents\Emulation models\abm-epidemic-emulator\experiments\runs\results\MCMC_noaug_eval_Random\plots --train_strategy MCMC --test_strategy Random --augmentation 0
2026-06-12 10:56:26,389 [INFO] Recorded MCMC_noaug_eval_Random in 9.3s -> test_results.csv
2026-06-12 10:56:26,391 [INFO] RUN: C:\Users\gmm71\OneDrive - University of Cambridge\Documents\Emulation models\abm-epidemic-emulator\venv\Scripts\python.exe C:\Users\gmm71\OneDrive - University of Cambridge\Documents\Emulation models\abm-epidemic-emulator\experiments\random-sampling\scripts\step6_test_on_lhs_data.py --models_dir C:\Users\gmm71\OneDrive - University of Cambridge\Documents\Emulation models\abm-epidemic-emulator\experiments\runs\models\Random_aug --data C:\Users\gmm71\OneDrive - University of Cambridge\Documents\Emulation models\abm-epidemic-emulator\experiments\lhs-sampling\data\split\epidemic_data_age_adaptive_sobol_split.pkl --output_dir C:\Users\gmm71\OneDrive - University of Cambridge\Documents\Emulation models\abm-epidemic-emulator\experiments\runs\results\Random_aug_eval_LHS --plots_dir C:\Users\gmm71\OneDrive - University of Cambridge\Documents\Emulation models\abm-epidemic-emulator\experiments\runs\results\Random_aug_eval_LHS\plots --train_strategy Random --test_strategy LHS --augmentation 1
2026-06-12 10:56:35,565 [INFO] Recorded Random_aug_eval_LHS in 9.2s -> test_results.csv
2026-06-12 10:56:35,566 [INFO] RUN: C:\Users\gmm71\OneDrive - University of Cambridge\Documents\Emulation models\abm-epidemic-emulator\venv\Scripts\python.exe C:\Users\gmm71\OneDrive - University of Cambridge\Documents\Emulation models\abm-epidemic-emulator\experiments\random-sampling\scripts\step6_test_on_mcmc_data.py --models_dir C:\Users\gmm71\OneDrive - University of Cambridge\Documents\Emulation models\abm-epidemic-emulator\experiments\runs\models\Random_aug --data C:\Users\gmm71\OneDrive - University of Cambridge\Documents\Emulation models\abm-epidemic-emulator\experiments\mcmc-sampling\data\split\epidemic_data_age_adaptive_sobol_split.pkl --output_dir C:\Users\gmm71\OneDrive - University of Cambridge\Documents\Emulation models\abm-epidemic-emulator\experiments\runs\results\Random_aug_eval_MCMC --plots_dir C:\Users\gmm71\OneDrive - University of Cambridge\Documents\Emulation models\abm-epidemic-emulator\experiments\runs\results\Random_aug_eval_MCMC\plots --train_strategy Random --test_strategy MCMC --augmentation 1
2026-06-12 10:56:45,799 [INFO] Recorded Random_aug_eval_MCMC in 10.2s -> test_results.csv
2026-06-12 10:56:45,800 [INFO] RUN: C:\Users\gmm71\OneDrive - University of Cambridge\Documents\Emulation models\abm-epidemic-emulator\venv\Scripts\python.exe C:\Users\gmm71\OneDrive - University of Cambridge\Documents\Emulation models\abm-epidemic-emulator\experiments\random-sampling\scripts\step5_test.py --models_dir C:\Users\gmm71\OneDrive - University of Cambridge\Documents\Emulation models\abm-epidemic-emulator\experiments\runs\models\Random_aug --data C:\Users\gmm71\OneDrive - University of Cambridge\Documents\Emulation models\abm-epidemic-emulator\experiments\random-sampling\data\split\epidemic_data_age_adaptive_sobol_split.pkl --output_dir C:\Users\gmm71\OneDrive - University of Cambridge\Documents\Emulation models\abm-epidemic-emulator\experiments\runs\results\Random_aug_eval_Random --plots_dir C:\Users\gmm71\OneDrive - University of Cambridge\Documents\Emulation models\abm-epidemic-emulator\experiments\runs\results\Random_aug_eval_Random\plots --train_strategy Random --test_strategy Random --augmentation 1
2026-06-12 10:56:55,056 [INFO] Recorded Random_aug_eval_Random in 9.3s -> test_results.csv
2026-06-12 10:56:55,058 [INFO] RUN: C:\Users\gmm71\OneDrive - University of Cambridge\Documents\Emulation models\abm-epidemic-emulator\venv\Scripts\python.exe C:\Users\gmm71\OneDrive - University of Cambridge\Documents\Emulation models\abm-epidemic-emulator\experiments\random-sampling\scripts\step6_test_on_lhs_data.py --models_dir C:\Users\gmm71\OneDrive - University of Cambridge\Documents\Emulation models\abm-epidemic-emulator\experiments\runs\models\Random_noaug --data C:\Users\gmm71\OneDrive - University of Cambridge\Documents\Emulation models\abm-epidemic-emulator\experiments\lhs-sampling\data\split\epidemic_data_age_adaptive_sobol_split.pkl --output_dir C:\Users\gmm71\OneDrive - University of Cambridge\Documents\Emulation models\abm-epidemic-emulator\experiments\runs\results\Random_noaug_eval_LHS --plots_dir C:\Users\gmm71\OneDrive - University of Cambridge\Documents\Emulation models\abm-epidemic-emulator\experiments\runs\results\Random_noaug_eval_LHS\plots --train_strategy Random --test_strategy LHS --augmentation 0
2026-06-12 10:57:04,435 [INFO] Recorded Random_noaug_eval_LHS in 9.4s -> test_results.csv
2026-06-12 10:57:04,438 [INFO] RUN: C:\Users\gmm71\OneDrive - University of Cambridge\Documents\Emulation models\abm-epidemic-emulator\venv\Scripts\python.exe C:\Users\gmm71\OneDrive - University of Cambridge\Documents\Emulation models\abm-epidemic-emulator\experiments\random-sampling\scripts\step6_test_on_mcmc_data.py --models_dir C:\Users\gmm71\OneDrive - University of Cambridge\Documents\Emulation models\abm-epidemic-emulator\experiments\runs\models\Random_noaug --data C:\Users\gmm71\OneDrive - University of Cambridge\Documents\Emulation models\abm-epidemic-emulator\experiments\mcmc-sampling\data\split\epidemic_data_age_adaptive_sobol_split.pkl --output_dir C:\Users\gmm71\OneDrive - University of Cambridge\Documents\Emulation models\abm-epidemic-emulator\experiments\runs\results\Random_noaug_eval_MCMC --plots_dir C:\Users\gmm71\OneDrive - University of Cambridge\Documents\Emulation models\abm-epidemic-emulator\experiments\runs\results\Random_noaug_eval_MCMC\plots --train_strategy Random --test_strategy MCMC --augmentation 0
2026-06-12 10:57:14,700 [INFO] Recorded Random_noaug_eval_MCMC in 10.3s -> test_results.csv
2026-06-12 10:57:14,703 [INFO] RUN: C:\Users\gmm71\OneDrive - University of Cambridge\Documents\Emulation models\abm-epidemic-emulator\venv\Scripts\python.exe C:\Users\gmm71\OneDrive - University of Cambridge\Documents\Emulation models\abm-epidemic-emulator\experiments\random-sampling\scripts\step5_test.py --models_dir C:\Users\gmm71\OneDrive - University of Cambridge\Documents\Emulation models\abm-epidemic-emulator\experiments\runs\models\Random_noaug --data C:\Users\gmm71\OneDrive - University of Cambridge\Documents\Emulation models\abm-epidemic-emulator\experiments\random-sampling\data\split\epidemic_data_age_adaptive_sobol_split.pkl --output_dir C:\Users\gmm71\OneDrive - University of Cambridge\Documents\Emulation models\abm-epidemic-emulator\experiments\runs\results\Random_noaug_eval_Random --plots_dir C:\Users\gmm71\OneDrive - University of Cambridge\Documents\Emulation models\abm-epidemic-emulator\experiments\runs\results\Random_noaug_eval_Random\plots --train_strategy Random --test_strategy Random --augmentation 0
2026-06-12 10:57:24,052 [INFO] Recorded Random_noaug_eval_Random in 9.3s -> test_results.csv
2026-06-12 10:57:24,052 [INFO] ========================================================================
2026-06-12 10:57:24,052 [INFO] TIMING SUMMARY
2026-06-12 10:57:24,052 [INFO] ========================================================================
2026-06-12 10:57:24,052 [INFO] Phase            Conditions   Total (s)    Total (min)   Mean (s)
2026-06-12 10:57:24,053 [INFO] ------------------------------------------------------------------------
2026-06-12 10:57:24,053 [INFO] Training         6            6395.2       106.59        1065.9
2026-06-12 10:57:24,053 [INFO] Validation       6            48.4         0.81          8.1
2026-06-12 10:57:24,053 [INFO] Test             18           175.4        2.92          9.7
2026-06-12 10:57:24,053 [INFO] ------------------------------------------------------------------------
2026-06-12 10:57:24,053 [INFO] Wall-clock total                6619.1       110.32        hours: 1.84
2026-06-12 10:57:24,053 [INFO] ========================================================================
2026-06-12 10:57:24,053 [INFO] Per-training breakdown (s):
2026-06-12 10:57:24,053 [INFO]   LHS_aug                   264.2
2026-06-12 10:57:24,053 [INFO]   LHS_noaug                 101.2
2026-06-12 10:57:24,053 [INFO]   MCMC_aug                  4982.1
2026-06-12 10:57:24,053 [INFO]   MCMC_noaug                694.5
2026-06-12 10:57:24,053 [INFO]   Random_aug                261.2
2026-06-12 10:57:24,054 [INFO]   Random_noaug              91.9
2026-06-12 10:57:24,054 [INFO] Per-validation breakdown (s):
2026-06-12 10:57:24,054 [INFO]   LHS_aug                   7.5
2026-06-12 10:57:24,054 [INFO]   LHS_noaug                 7.5
2026-06-12 10:57:24,054 [INFO]   MCMC_aug                  8.7
2026-06-12 10:57:24,054 [INFO]   MCMC_noaug                9.1
2026-06-12 10:57:24,054 [INFO]   Random_aug                7.8
2026-06-12 10:57:24,054 [INFO]   Random_noaug              7.9
2026-06-12 10:57:24,054 [INFO] Per-test breakdown (s):
2026-06-12 10:57:24,054 [INFO]   LHS_aug_eval_LHS          9.8
2026-06-12 10:57:24,054 [INFO]   LHS_aug_eval_MCMC         10.7
2026-06-12 10:57:24,054 [INFO]   LHS_aug_eval_Random       9.7
2026-06-12 10:57:24,054 [INFO]   LHS_noaug_eval_LHS        9.8
2026-06-12 10:57:24,054 [INFO]   LHS_noaug_eval_MCMC       10.7
2026-06-12 10:57:24,054 [INFO]   LHS_noaug_eval_Random     9.6
2026-06-12 10:57:24,054 [INFO]   MCMC_aug_eval_LHS         9.2
2026-06-12 10:57:24,054 [INFO]   MCMC_aug_eval_MCMC        10.2
2026-06-12 10:57:24,054 [INFO]   MCMC_aug_eval_Random      9.2
2026-06-12 10:57:24,054 [INFO]   MCMC_noaug_eval_LHS       9.2
2026-06-12 10:57:24,054 [INFO]   MCMC_noaug_eval_MCMC      10.1
2026-06-12 10:57:24,055 [INFO]   MCMC_noaug_eval_Random    9.3
2026-06-12 10:57:24,055 [INFO]   Random_aug_eval_LHS       9.2
2026-06-12 10:57:24,055 [INFO]   Random_aug_eval_MCMC      10.2
2026-06-12 10:57:24,055 [INFO]   Random_aug_eval_Random    9.3
2026-06-12 10:57:24,055 [INFO]   Random_noaug_eval_LHS     9.4
2026-06-12 10:57:24,055 [INFO]   Random_noaug_eval_MCMC    10.3
2026-06-12 10:57:24,055 [INFO]   Random_noaug_eval_Random  9.3
2026-06-12 10:57:24,057 [INFO] DONE.
2026-06-12 10:57:24,057 [INFO]   Validation CSV : C:\Users\gmm71\OneDrive - University of Cambridge\Documents\Emulation models\abm-epidemic-emulator\experiments\runs\validation\validation_results.csv
2026-06-12 10:57:24,059 [INFO]   Test CSV       : C:\Users\gmm71\OneDrive - University of Cambridge\Documents\Emulation models\abm-epidemic-emulator\experiments\runs\results\test_results.csv
2026-06-12 10:57:24,059 [INFO]   Timings JSON   : C:\Users\gmm71\OneDrive - University of Cambridge\Documents\Emulation models\abm-epidemic-emulator\experiments\runs\timings.json
2026-06-16 10:18:27,068 [INFO] Project root : /sessions/gifted-intelligent-faraday/mnt/OneDrive - University of Cambridge/Documents/Emulation models/abm-epidemic-emulator
2026-06-16 10:18:27,071 [INFO] Plan         : 6 trainings, 18 evaluation conditions
2026-06-16 10:49:19,412 [INFO] Project root : /sessions/gifted-intelligent-faraday/mnt/OneDrive - University of Cambridge/Documents/Emulation models/abm-epidemic-emulator
2026-06-16 10:49:19,414 [INFO] Plan         : 1 trainings, 1 evaluation conditions
2026-06-16 10:49:19,474 [INFO] Filter --only 'LHS_aug_eval_MCMC' selected trainings: ['LHS_aug']
36:38,645 [INFO] Skipping split (already present): epidemic_data_age_adaptive_sobol_split.pkl
2026-06-16 11:36:38,646 [INFO] Skipping augmentation (already present): epidemic_data_age_adaptive_sobol_split_augmented.pkl
2026-06-16 11:36:38,647 [INFO] Data prep for LHS in 0.0s
2026-06-16 11:36:38,648 [INFO] Skipping sampling (already present): epidemic_data_age_adaptive_sobol.pkl
2026-06-16 11:36:38,649 [INFO] Skipping split (already present): epidemic_data_age_adaptive_sobol_split.pkl
2026-06-16 11:36:38,652 [INFO] Skipping augmentation (already present): epidemic_data_age_adaptive_sobol_split_augmented.pkl
2026-06-16 11:36:38,652 [INFO] Data prep for MCMC in 0.0s
2026-06-16 11:36:38,653 [INFO] Skipping sampling (already present): epidemic_data_age_adaptive_sobol.pkl
2026-06-16 11:36:38,654 [INFO] Skipping split (already present): epidemic_data_age_adaptive_sobol_split.pkl
2026-06-16 11:36:38,700 [INFO] Skipping augmentation (already present): epidemic_data_age_adaptive_sobol_split_augmented.pkl
2026-06-16 11:36:38,701 [INFO] Data prep for Random in 0.0s
2026-06-16 11:36:38,703 [INFO] Skipping training: LHS_aug already has checkpoints
2026-06-16 11:36:38,703 [INFO] Trained LHS_aug in 0.0s
2026-06-16 11:36:38,703 [INFO] Skipping training: LHS_noaug already has checkpoints
2026-06-16 11:36:38,705 [INFO] Trained LHS_noaug in 0.0s
2026-06-16 11:36:38,705 [INFO] Skipping training: MCMC_aug already has checkpoints
2026-06-16 11:36:38,705 [INFO] Trained MCMC_aug in 0.0s
2026-06-16 11:36:38,705 [INFO] Skipping training: MCMC_noaug already has checkpoints
2026-06-16 11:36:38,705 [INFO] Trained MCMC_noaug in 0.0s
2026-06-16 11:36:38,705 [INFO] Skipping training: Random_aug already has checkpoints
2026-06-16 11:36:38,720 [INFO] Trained Random_aug in 0.0s
2026-06-16 11:36:38,720 [INFO] Skipping training: Random_noaug already has checkpoints
2026-06-16 11:36:38,720 [INFO] Trained Random_noaug in 0.0s
2026-06-16 11:36:38,747 [INFO] SKIP validation (already in CSV): LHS_aug
2026-06-16 11:36:38,747 [INFO] SKIP validation (already in CSV): LHS_noaug
2026-06-16 11:36:38,747 [INFO] SKIP validation (already in CSV): MCMC_aug
2026-06-16 11:36:38,748 [INFO] SKIP validation (already in CSV): MCMC_noaug
2026-06-16 11:36:38,748 [INFO] SKIP validation (already in CSV): Random_aug
2026-06-16 11:36:38,748 [INFO] SKIP validation (already in CSV): Random_noaug
2026-06-16 11:36:38,764 [INFO] SKIP test (already in CSV): LHS_aug_eval_LHS
2026-06-16 11:36:38,764 [INFO] SKIP test (already in CSV): LHS_aug_eval_MCMC
2026-06-16 11:36:38,766 [INFO] SKIP test (already in CSV): LHS_aug_eval_Random
2026-06-16 11:36:38,767 [INFO] SKIP test (already in CSV): LHS_noaug_eval_LHS
2026-06-16 11:36:38,768 [INFO] SKIP test (already in CSV): LHS_noaug_eval_MCMC
2026-06-16 11:36:38,769 [INFO] SKIP test (already in CSV): LHS_noaug_eval_Random
2026-06-16 11:36:38,769 [INFO] SKIP test (already in CSV): MCMC_aug_eval_LHS
2026-06-16 11:36:38,770 [INFO] SKIP test (already in CSV): MCMC_aug_eval_MCMC
2026-06-16 11:36:38,770 [INFO] SKIP test (already in CSV): MCMC_aug_eval_Random
2026-06-16 11:36:38,771 [INFO] SKIP test (already in CSV): MCMC_noaug_eval_LHS
2026-06-16 11:36:38,773 [INFO] SKIP test (already in CSV): MCMC_noaug_eval_MCMC
2026-06-16 11:36:38,773 [INFO] SKIP test (already in CSV): MCMC_noaug_eval_Random
2026-06-16 11:36:38,774 [INFO] SKIP test (already in CSV): Random_aug_eval_LHS
2026-06-16 11:36:38,774 [INFO] SKIP test (already in CSV): Random_aug_eval_MCMC
2026-06-16 11:36:38,775 [INFO] SKIP test (already in CSV): Random_aug_eval_Random
2026-06-16 11:36:38,775 [INFO] SKIP test (already in CSV): Random_noaug_eval_LHS
2026-06-16 11:36:38,776 [INFO] SKIP test (already in CSV): Random_noaug_eval_MCMC
2026-06-16 11:36:38,776 [INFO] SKIP test (already in CSV): Random_noaug_eval_Random
2026-06-16 11:36:38,776 [INFO] ========================================================================
2026-06-16 11:36:38,777 [INFO] TIMING SUMMARY
2026-06-16 11:36:38,777 [INFO] ========================================================================
2026-06-16 11:36:38,777 [INFO] Phase            Conditions   Total (s)    Total (min)   Mean (s)
2026-06-16 11:36:38,777 [INFO] ------------------------------------------------------------------------
2026-06-16 11:36:38,778 [INFO] Data prep        3            0.1          0.00          0.0
2026-06-16 11:36:38,778 [INFO] Training         6            0.0          0.00          0.0
2026-06-16 11:36:38,778 [INFO] Validation       0            0.0          0.00          0.0
2026-06-16 11:36:38,779 [INFO] Test             0            0.0          0.00          0.0
2026-06-16 11:36:38,779 [INFO] ------------------------------------------------------------------------
2026-06-16 11:36:38,779 [INFO] Wall-clock total                0.1          0.00          hours: 0.00
2026-06-16 11:36:38,779 [INFO] ========================================================================
2026-06-16 11:36:38,779 [INFO] Per-design data-prep breakdown (s):
2026-06-16 11:36:38,779 [INFO]   LHS                       0.0
2026-06-16 11:36:38,779 [INFO]   MCMC                      0.0
2026-06-16 11:36:38,779 [INFO]   Random                    0.0
2026-06-16 11:36:38,779 [INFO] Per-training breakdown (s):
2026-06-16 11:36:38,780 [INFO]   LHS_aug                   0.0
2026-06-16 11:36:38,780 [INFO]   LHS_noaug                 0.0
2026-06-16 11:36:38,780 [INFO]   MCMC_aug                  0.0
2026-06-16 11:36:38,780 [INFO]   MCMC_noaug                0.0
2026-06-16 11:36:38,780 [INFO]   Random_aug                0.0
2026-06-16 11:36:38,780 [INFO]   Random_noaug              0.0
2026-06-16 11:36:38,784 [INFO] DONE.
2026-06-16 11:36:38,785 [INFO]   Validation CSV : C:\Users\gmm71\OneDrive - University of Cambridge\Documents\Emulation models\abm-epidemic-emulator\experiments\runs\validation\validation_results.csv
2026-06-16 11:36:38,785 [INFO]   Test CSV       : C:\Users\gmm71\OneDrive - University of Cambridge\Documents\Emulation models\abm-epidemic-emulator\experiments\runs\results\test_results.csv
2026-06-16 11:36:38,785 [INFO]   Timings JSON   : C:\Users\gmm71\OneDrive - University of Cambridge\Documents\Emulation models\abm-epidemic-emulator\experiments\runs\timings.json
2026-06-16 11:55:45,991 [INFO] Project root : C:\Users\gmm71\OneDrive - University of Cambridge\Documents\Emulation models\abm-epidemic-emulator
2026-06-16 11:55:45,992 [INFO] Plan         : 6 trainings, 18 evaluation conditions
2026-06-16 11:55:45,993 [INFO] Skipping sampling (already present, use --force-data-prep to override): epidemic_data_age_adaptive_sobol.pkl
2026-06-16 11:55:45,993 [INFO] Skipping split (already present, use --force-data-prep to override): epidemic_data_age_adaptive_sobol_split.pkl
2026-06-16 11:55:45,994 [INFO] Skipping augmentation (already present, use --force-data-prep to override): epidemic_data_age_adaptive_sobol_split_augmented.pkl
2026-06-16 11:55:45,995 [INFO] Data prep for LHS in 0.0s
2026-06-16 11:55:45,996 [INFO] Skipping sampling (already present, use --force-data-prep to override): epidemic_data_age_adaptive_sobol.pkl
2026-06-16 11:55:45,996 [INFO] Skipping split (already present, use --force-data-prep to override): epidemic_data_age_adaptive_sobol_split.pkl
2026-06-16 11:55:45,997 [INFO] Skipping augmentation (already present, use --force-data-prep to override): epidemic_data_age_adaptive_sobol_split_augmented.pkl
2026-06-16 11:55:45,998 [INFO] Data prep for MCMC in 0.0s
2026-06-16 11:55:45,998 [INFO] Skipping sampling (already present, use --force-data-prep to override): epidemic_data_age_adaptive_sobol.pkl
2026-06-16 11:55:46,000 [INFO] Skipping split (already present, use --force-data-prep to override): epidemic_data_age_adaptive_sobol_split.pkl
2026-06-16 11:55:46,001 [INFO] Skipping augmentation (already present, use --force-data-prep to override): epidemic_data_age_adaptive_sobol_split_augmented.pkl
2026-06-16 11:55:46,001 [INFO] Data prep for Random in 0.0s
2026-06-16 11:55:46,003 [INFO] Skipping training: LHS_aug already has checkpoints
2026-06-16 11:55:46,004 [INFO] Trained LHS_aug in 0.0s
2026-06-16 11:55:46,005 [INFO] Skipping training: LHS_noaug already has checkpoints
2026-06-16 11:55:46,006 [INFO] Trained LHS_noaug in 0.0s
2026-06-16 11:55:46,007 [INFO] Skipping training: MCMC_aug already has checkpoints
2026-06-16 11:55:46,007 [INFO] Trained MCMC_aug in 0.0s
2026-06-16 11:55:46,008 [INFO] Skipping training: MCMC_noaug already has checkpoints
2026-06-16 11:55:46,008 [INFO] Trained MCMC_noaug in 0.0s
2026-06-16 11:55:46,009 [INFO] Skipping training: Random_aug already has checkpoints
2026-06-16 11:55:46,009 [INFO] Trained Random_aug in 0.0s
2026-06-16 11:55:46,010 [INFO] Skipping training: Random_noaug already has checkpoints
2026-06-16 11:55:46,010 [INFO] Trained Random_noaug in 0.0s
2026-06-16 11:55:46,025 [INFO] SKIP validation (already in CSV): LHS_aug
2026-06-16 11:55:46,026 [INFO] SKIP validation (already in CSV): LHS_noaug
2026-06-16 11:55:46,027 [INFO] SKIP validation (already in CSV): MCMC_aug
2026-06-16 11:55:46,027 [INFO] SKIP validation (already in CSV): MCMC_noaug
2026-06-16 11:55:46,027 [INFO] SKIP validation (already in CSV): Random_aug
2026-06-16 11:55:46,028 [INFO] SKIP validation (already in CSV): Random_noaug
2026-06-16 11:55:46,031 [INFO] SKIP test (already in CSV): LHS_aug_eval_LHS
2026-06-16 11:55:46,032 [INFO] SKIP test (already in CSV): LHS_aug_eval_MCMC
2026-06-16 11:55:46,033 [INFO] SKIP test (already in CSV): LHS_aug_eval_Random
2026-06-16 11:55:46,033 [INFO] SKIP test (already in CSV): LHS_noaug_eval_LHS
2026-06-16 11:55:46,034 [INFO] SKIP test (already in CSV): LHS_noaug_eval_MCMC
2026-06-16 11:55:46,034 [INFO] SKIP test (already in CSV): LHS_noaug_eval_Random
2026-06-16 11:55:46,035 [INFO] SKIP test (already in CSV): MCMC_aug_eval_LHS
2026-06-16 11:55:46,035 [INFO] SKIP test (already in CSV): MCMC_aug_eval_MCMC
2026-06-16 11:55:46,037 [INFO] SKIP test (already in CSV): MCMC_aug_eval_Random
2026-06-16 11:55:46,039 [INFO] SKIP test (already in CSV): MCMC_noaug_eval_LHS
2026-06-16 11:55:46,039 [INFO] SKIP test (already in CSV): MCMC_noaug_eval_MCMC
2026-06-16 11:55:46,040 [INFO] SKIP test (already in CSV): MCMC_noaug_eval_Random
2026-06-16 11:55:46,042 [INFO] SKIP test (already in CSV): Random_aug_eval_LHS
2026-06-16 11:55:46,043 [INFO] SKIP test (already in CSV): Random_aug_eval_MCMC
2026-06-16 11:55:46,044 [INFO] SKIP test (already in CSV): Random_aug_eval_Random
2026-06-16 11:55:46,045 [INFO] SKIP test (already in CSV): Random_noaug_eval_LHS
2026-06-16 11:55:46,045 [INFO] SKIP test (already in CSV): Random_noaug_eval_MCMC
2026-06-16 11:55:46,046 [INFO] SKIP test (already in CSV): Random_noaug_eval_Random
2026-06-16 11:55:46,046 [INFO] ========================================================================
2026-06-16 11:55:46,046 [INFO] TIMING SUMMARY
2026-06-16 11:55:46,046 [INFO] ========================================================================
2026-06-16 11:55:46,047 [INFO] Phase            Conditions   Total (s)    Total (min)   Mean (s)
2026-06-16 11:55:46,047 [INFO] ------------------------------------------------------------------------
2026-06-16 11:55:46,047 [INFO] Data prep        3            0.0          0.00          0.0
2026-06-16 11:55:46,047 [INFO] Training         6            0.0          0.00          0.0
2026-06-16 11:55:46,048 [INFO] Validation       0            0.0          0.00          0.0
2026-06-16 11:55:46,048 [INFO] Test             0            0.0          0.00          0.0
2026-06-16 11:55:46,048 [INFO] ------------------------------------------------------------------------
2026-06-16 11:55:46,049 [INFO] Wall-clock total                0.1          0.00          hours: 0.00
2026-06-16 11:55:46,049 [INFO] ========================================================================
2026-06-16 11:55:46,049 [INFO] Per-design data-prep breakdown (s):
2026-06-16 11:55:46,049 [INFO]   LHS                       0.0
2026-06-16 11:55:46,050 [INFO]   MCMC                      0.0
2026-06-16 11:55:46,050 [INFO]   Random                    0.0
2026-06-16 11:55:46,050 [INFO] Per-training breakdown (s):
2026-06-16 11:55:46,051 [INFO]   LHS_aug                   0.0
2026-06-16 11:55:46,051 [INFO]   LHS_noaug                 0.0
2026-06-16 11:55:46,051 [INFO]   MCMC_aug                  0.0
2026-06-16 11:55:46,051 [INFO]   MCMC_noaug                0.0
2026-06-16 11:55:46,051 [INFO]   Random_aug                0.0
2026-06-16 11:55:46,052 [INFO]   Random_noaug              0.0
2026-06-16 11:55:46,056 [INFO] DONE.
2026-06-16 11:55:46,057 [INFO]   Validation CSV : C:\Users\gmm71\OneDrive - University of Cambridge\Documents\Emulation models\abm-epidemic-emulator\experiments\runs\validation\validation_results.csv
2026-06-16 11:55:46,058 [INFO]   Test CSV       : C:\Users\gmm71\OneDrive - University of Cambridge\Documents\Emulation models\abm-epidemic-emulator\experiments\runs\results\test_results.csv
2026-06-16 11:55:46,058 [INFO]   Timings JSON   : C:\Users\gmm71\OneDrive - University of Cambridge\Documents\Emulation models\abm-epidemic-emulator\experiments\runs\timings.json
2026-06-16 12:05:33,906 [INFO] Project root : C:\Users\gmm71\OneDrive - University of Cambridge\Documents\Emulation models\abm-epidemic-emulator
2026-06-16 12:05:33,906 [INFO] Plan         : 6 trainings, 18 evaluation conditions
2026-06-16 12:05:33,906 [WARNING] --force-data-prep set: existing raw/split/augmented files will be regenerated.
2026-06-16 12:05:33,906 [INFO] OVERRIDE sampling: removing epidemic_data_age_adaptive_sobol.pkl
2026-06-16 12:05:33,906 [INFO] RUN: C:\Users\gmm71\OneDrive - University of Cambridge\Documents\Emulation models\abm-epidemic-emulator\venv\Scripts\python.exe C:\Users\gmm71\OneDrive - University of Cambridge\Documents\Emulation models\abm-epidemic-emulator\experiments\lhs-sampling\scripts\step1_LHS sampling.py
2026-06-16 12:07:26,051 [INFO] OVERRIDE split: removing epidemic_data_age_adaptive_sobol_split.pkl
2026-06-16 12:07:26,056 [INFO] RUN: C:\Users\gmm71\OneDrive - University of Cambridge\Documents\Emulation models\abm-epidemic-emulator\venv\Scripts\python.exe C:\Users\gmm71\OneDrive - University of Cambridge\Documents\Emulation models\abm-epidemic-emulator\experiments\lhs-sampling\scripts\Step2_data_split.py
2026-06-16 12:07:26,804 [INFO] OVERRIDE augmentation: removing epidemic_data_age_adaptive_sobol_split_augmented.pkl
2026-06-16 12:07:26,808 [INFO] RUN: C:\Users\gmm71\OneDrive - University of Cambridge\Documents\Emulation models\abm-epidemic-emulator\venv\Scripts\python.exe C:\Users\gmm71\OneDrive - University of Cambridge\Documents\Emulation models\abm-epidemic-emulator\experiments\lhs-sampling\scripts\step2_data_augmentation.py
2026-06-16 12:07:32,096 [INFO] Data prep for LHS in 118.2s
2026-06-16 12:07:32,097 [INFO] OVERRIDE sampling: removing epidemic_data_age_adaptive_sobol.pkl
2026-06-16 12:07:32,097 [INFO] RUN: C:\Users\gmm71\OneDrive - University of Cambridge\Documents\Emulation models\abm-epidemic-emulator\venv\Scripts\python.exe C:\Users\gmm71\OneDrive - University of Cambridge\Documents\Emulation models\abm-epidemic-emulator\experiments\mcmc-sampling\scripts\step1_mcmc_sampling.py
2026-06-16 12:08:57,122 [INFO] OVERRIDE split: removing epidemic_data_age_adaptive_sobol_split.pkl
2026-06-16 12:08:57,124 [INFO] RUN: C:\Users\gmm71\OneDrive - University of Cambridge\Documents\Emulation models\abm-epidemic-emulator\venv\Scripts\python.exe C:\Users\gmm71\OneDrive - University of Cambridge\Documents\Emulation models\abm-epidemic-emulator\experiments\mcmc-sampling\scripts\step2_split.py
2026-06-16 12:08:59,444 [INFO] OVERRIDE augmentation: removing epidemic_data_age_adaptive_sobol_split_augmented.pkl
2026-06-16 12:08:59,451 [INFO] RUN: C:\Users\gmm71\OneDrive - University of Cambridge\Documents\Emulation models\abm-epidemic-emulator\venv\Scripts\python.exe C:\Users\gmm71\OneDrive - University of Cambridge\Documents\Emulation models\abm-epidemic-emulator\experiments\mcmc-sampling\scripts\step2A_augmented.py
2026-06-16 12:09:09,793 [INFO] Data prep for MCMC in 97.7s
2026-06-16 12:09:09,794 [INFO] OVERRIDE sampling: removing epidemic_data_age_adaptive_sobol.pkl
2026-06-16 12:09:09,800 [INFO] RUN: C:\Users\gmm71\OneDrive - University of Cambridge\Documents\Emulation models\abm-epidemic-emulator\venv\Scripts\python.exe C:\Users\gmm71\OneDrive - University of Cambridge\Documents\Emulation models\abm-epidemic-emulator\experiments\random-sampling\scripts\Step1_Random_sampling.py
2026-06-16 12:10:47,126 [INFO] OVERRIDE split: removing epidemic_data_age_adaptive_sobol_split.pkl
2026-06-16 12:10:47,128 [INFO] RUN: C:\Users\gmm71\OneDrive - University of Cambridge\Documents\Emulation models\abm-epidemic-emulator\venv\Scripts\python.exe C:\Users\gmm71\OneDrive - University of Cambridge\Documents\Emulation models\abm-epidemic-emulator\experiments\random-sampling\scripts\Step2_data_split.py
2026-06-16 12:10:47,834 [INFO] OVERRIDE augmentation: removing epidemic_data_age_adaptive_sobol_split_augmented.pkl
2026-06-16 12:10:47,838 [INFO] RUN: C:\Users\gmm71\OneDrive - University of Cambridge\Documents\Emulation models\abm-epidemic-emulator\venv\Scripts\python.exe C:\Users\gmm71\OneDrive - University of Cambridge\Documents\Emulation models\abm-epidemic-emulator\experiments\random-sampling\scripts\step2A_augmented.py
2026-06-16 12:11:11,260 [INFO] Data prep for Random in 121.5s
2026-06-16 12:11:11,262 [INFO] Skipping training: LHS_aug already has checkpoints
2026-06-16 12:11:11,262 [INFO] Trained LHS_aug in 0.0s
2026-06-16 12:11:11,263 [INFO] Skipping training: LHS_noaug already has checkpoints
2026-06-16 12:11:11,263 [INFO] Trained LHS_noaug in 0.0s
2026-06-16 12:11:11,264 [INFO] Skipping training: MCMC_aug already has checkpoints
2026-06-16 12:11:11,264 [INFO] Trained MCMC_aug in 0.0s
2026-06-16 12:11:11,264 [INFO] Skipping training: MCMC_noaug already has checkpoints
2026-06-16 12:11:11,264 [INFO] Trained MCMC_noaug in 0.0s
2026-06-16 12:11:11,265 [INFO] Skipping training: Random_aug already has checkpoints
2026-06-16 12:11:11,265 [INFO] Trained Random_aug in 0.0s
2026-06-16 12:11:11,266 [INFO] Skipping training: Random_noaug already has checkpoints
2026-06-16 12:11:11,266 [INFO] Trained Random_noaug in 0.0s
2026-06-16 12:11:11,266 [INFO] Skipping Phase 1.5 (validation) per --skip-validation
2026-06-16 12:11:11,266 [INFO] Skipping Phase 2 (test) per --skip-test
2026-06-16 12:11:11,266 [INFO] DONE. Validation CSV: C:\Users\gmm71\OneDrive - University of Cambridge\Documents\Emulation models\abm-epidemic-emulator\experiments\runs\validation\validation_results.csv
2026-06-16 12:13:02,681 [INFO] Project root : C:\Users\gmm71\OneDrive - University of Cambridge\Documents\Emulation models\abm-epidemic-emulator
2026-06-16 12:13:02,681 [INFO] Plan         : 6 trainings, 18 evaluation conditions
2026-06-16 12:13:02,681 [INFO] RUN: C:\Users\gmm71\OneDrive - University of Cambridge\Documents\Emulation models\abm-epidemic-emulator\venv\Scripts\python.exe C:\Users\gmm71\OneDrive - University of Cambridge\Documents\Emulation models\abm-epidemic-emulator\experiments\lhs-sampling\scripts\step1_LHS sampling.py
2026-06-16 12:33:55,631 [INFO] Project root : C:\Users\gmm71\OneDrive - University of Cambridge\Documents\Emulation models\abm-epidemic-emulator
2026-06-16 12:33:55,631 [INFO] Plan         : 6 trainings, 18 evaluation conditions
2026-06-16 12:33:55,631 [INFO] RUN: C:\Users\gmm71\OneDrive - University of Cambridge\Documents\Emulation models\abm-epidemic-emulator\venv\Scripts\python.exe C:\Users\gmm71\OneDrive - University of Cambridge\Documents\Emulation models\abm-epidemic-emulator\experiments\lhs-sampling\scripts\step1_LHS sampling.py
2026-06-16 12:35:29,746 [INFO] RUN: C:\Users\gmm71\OneDrive - University of Cambridge\Documents\Emulation models\abm-epidemic-emulator\venv\Scripts\python.exe C:\Users\gmm71\OneDrive - University of Cambridge\Documents\Emulation models\abm-epidemic-emulator\experiments\lhs-sampling\scripts\Step2_data_split.py
2026-06-16 12:35:30,416 [INFO] RUN: C:\Users\gmm71\OneDrive - University of Cambridge\Documents\Emulation models\abm-epidemic-emulator\venv\Scripts\python.exe C:\Users\gmm71\OneDrive - University of Cambridge\Documents\Emulation models\abm-epidemic-emulator\experiments\lhs-sampling\scripts\step2_data_augmentation.py
2026-06-16 12:35:33,908 [INFO] Data prep for LHS in 98.3s
2026-06-16 12:35:33,909 [INFO] RUN: C:\Users\gmm71\OneDrive - University of Cambridge\Documents\Emulation models\abm-epidemic-emulator\venv\Scripts\python.exe C:\Users\gmm71\OneDrive - University of Cambridge\Documents\Emulation models\abm-epidemic-emulator\experiments\mcmc-sampling\scripts\step1_mcmc_sampling.py
2026-06-16 12:36:52,542 [INFO] RUN: C:\Users\gmm71\OneDrive - University of Cambridge\Documents\Emulation models\abm-epidemic-emulator\venv\Scripts\python.exe C:\Users\gmm71\OneDrive - University of Cambridge\Documents\Emulation models\abm-epidemic-emulator\experiments\mcmc-sampling\scripts\step2_split.py
2026-06-16 12:36:55,178 [INFO] RUN: C:\Users\gmm71\OneDrive - University of Cambridge\Documents\Emulation models\abm-epidemic-emulator\venv\Scripts\python.exe C:\Users\gmm71\OneDrive - University of Cambridge\Documents\Emulation models\abm-epidemic-emulator\experiments\mcmc-sampling\scripts\step2A_augmented.py
2026-06-16 12:37:06,864 [INFO] Data prep for MCMC in 93.0s
2026-06-16 12:37:06,866 [INFO] RUN: C:\Users\gmm71\OneDrive - University of Cambridge\Documents\Emulation models\abm-epidemic-emulator\venv\Scripts\python.exe C:\Users\gmm71\OneDrive - University of Cambridge\Documents\Emulation models\abm-epidemic-emulator\experiments\random-sampling\scripts\Step1_Random_sampling.py
2026-06-16 12:38:50,356 [INFO] RUN: C:\Users\gmm71\OneDrive - University of Cambridge\Documents\Emulation models\abm-epidemic-emulator\venv\Scripts\python.exe C:\Users\gmm71\OneDrive - University of Cambridge\Documents\Emulation models\abm-epidemic-emulator\experiments\random-sampling\scripts\Step2_data_split.py
2026-06-16 12:38:51,108 [INFO] RUN: C:\Users\gmm71\OneDrive - University of Cambridge\Documents\Emulation models\abm-epidemic-emulator\venv\Scripts\python.exe C:\Users\gmm71\OneDrive - University of Cambridge\Documents\Emulation models\abm-epidemic-emulator\experiments\random-sampling\scripts\step2A_augmented.py
2026-06-16 12:38:54,346 [INFO] Data prep for Random in 107.5s
2026-06-16 12:38:54,346 [INFO] Skipping training: LHS_aug already has checkpoints
2026-06-16 12:38:54,346 [INFO] Trained LHS_aug in 0.0s
2026-06-16 12:38:54,346 [INFO] Skipping training: LHS_noaug already has checkpoints
2026-06-16 12:38:54,346 [INFO] Trained LHS_noaug in 0.0s
2026-06-16 12:38:54,346 [INFO] Skipping training: MCMC_aug already has checkpoints
2026-06-16 12:38:54,346 [INFO] Trained MCMC_aug in 0.0s
2026-06-16 12:38:54,346 [INFO] Skipping training: MCMC_noaug already has checkpoints
2026-06-16 12:38:54,346 [INFO] Trained MCMC_noaug in 0.0s
2026-06-16 12:38:54,346 [INFO] Skipping training: Random_aug already has checkpoints
2026-06-16 12:38:54,346 [INFO] Trained Random_aug in 0.0s
2026-06-16 12:38:54,346 [INFO] Skipping training: Random_noaug already has checkpoints
2026-06-16 12:38:54,346 [INFO] Trained Random_noaug in 0.0s
2026-06-16 12:38:54,346 [INFO] Skipping Phase 1.5 (validation) per --skip-validation
2026-06-16 12:38:54,346 [INFO] Skipping Phase 2 (test) per --skip-test
2026-06-16 12:38:54,346 [INFO] DONE. Validation CSV: C:\Users\gmm71\OneDrive - University of Cambridge\Documents\Emulation models\abm-epidemic-emulator\experiments\runs\validation\validation_results.csv
2026-06-16 13:50:48,951 [INFO] Project root : C:\Users\gmm71\OneDrive - University of Cambridge\Documents\Emulation models\abm-epidemic-emulator
2026-06-16 13:50:48,951 [INFO] Plan         : 6 trainings, 18 evaluation conditions
2026-06-16 13:50:48,951 [INFO] Skipping sampling (already present, use --force-data-prep to override): epidemic_data_age_adaptive_sobol.pkl
2026-06-16 13:50:48,951 [INFO] Skipping split (already present, use --force-data-prep to override): epidemic_data_age_adaptive_sobol_split.pkl
2026-06-16 13:50:48,951 [INFO] Skipping augmentation (already present, use --force-data-prep to override): epidemic_data_age_adaptive_sobol_split_augmented.pkl
2026-06-16 13:50:48,951 [INFO] Data prep for LHS in 0.0s
2026-06-16 13:50:48,951 [INFO] Skipping sampling (already present, use --force-data-prep to override): epidemic_data_age_adaptive_sobol.pkl
2026-06-16 13:50:48,951 [INFO] Skipping split (already present, use --force-data-prep to override): epidemic_data_age_adaptive_sobol_split.pkl
2026-06-16 13:50:48,951 [INFO] Skipping augmentation (already present, use --force-data-prep to override): epidemic_data_age_adaptive_sobol_split_augmented.pkl
2026-06-16 13:50:48,951 [INFO] Data prep for MCMC in 0.0s
2026-06-16 13:50:48,951 [INFO] Skipping sampling (already present, use --force-data-prep to override): epidemic_data_age_adaptive_sobol.pkl
2026-06-16 13:50:48,951 [INFO] Skipping split (already present, use --force-data-prep to override): epidemic_data_age_adaptive_sobol_split.pkl
2026-06-16 13:50:48,961 [INFO] Skipping augmentation (already present, use --force-data-prep to override): epidemic_data_age_adaptive_sobol_split_augmented.pkl
2026-06-16 13:50:48,961 [INFO] Data prep for Random in 0.0s
2026-06-16 13:50:48,963 [INFO] Skipping training: LHS_aug already has checkpoints
2026-06-16 13:50:48,966 [INFO] Trained LHS_aug in 0.0s
2026-06-16 13:50:48,966 [INFO] Skipping training: LHS_noaug already has checkpoints
2026-06-16 13:50:48,966 [INFO] Trained LHS_noaug in 0.0s
2026-06-16 13:50:48,968 [INFO] Skipping training: MCMC_aug already has checkpoints
2026-06-16 13:50:48,969 [INFO] Trained MCMC_aug in 0.0s
2026-06-16 13:50:48,972 [INFO] Skipping training: MCMC_noaug already has checkpoints
2026-06-16 13:50:48,973 [INFO] Trained MCMC_noaug in 0.0s
2026-06-16 13:50:48,973 [INFO] Skipping training: Random_aug already has checkpoints
2026-06-16 13:50:48,974 [INFO] Trained Random_aug in 0.0s
2026-06-16 13:50:48,974 [INFO] Skipping training: Random_noaug already has checkpoints
2026-06-16 13:50:48,974 [INFO] Trained Random_noaug in 0.0s
2026-06-16 13:50:48,974 [INFO] Skipping Phase 1.5 (validation) per --skip-validation
2026-06-16 13:50:48,975 [INFO] Skipping Phase 2 (test) per --skip-test
2026-06-16 13:50:48,976 [INFO] DONE. Validation CSV: C:\Users\gmm71\OneDrive - University of Cambridge\Documents\Emulation models\abm-epidemic-emulator\experiments\runs\validation\validation_results.csv
2026-06-16 13:51:38,544 [INFO] Project root : C:\Users\gmm71\OneDrive - University of Cambridge\Documents\Emulation models\abm-epidemic-emulator
2026-06-16 13:51:38,545 [INFO] Plan         : 6 trainings, 18 evaluation conditions
2026-06-16 13:51:38,545 [WARNING] --force-data-prep set: existing raw/split/augmented files will be regenerated.
2026-06-16 13:51:38,546 [INFO] OVERRIDE sampling: removing epidemic_data_age_adaptive_sobol.pkl
2026-06-16 13:51:38,547 [INFO] RUN: C:\Users\gmm71\OneDrive - University of Cambridge\Documents\Emulation models\abm-epidemic-emulator\venv\Scripts\python.exe C:\Users\gmm71\OneDrive - University of Cambridge\Documents\Emulation models\abm-epidemic-emulator\experiments\lhs-sampling\scripts\step1_LHS sampling.py
2026-06-16 13:53:10,286 [INFO] OVERRIDE split: removing epidemic_data_age_adaptive_sobol_split.pkl
2026-06-16 13:53:10,286 [INFO] RUN: C:\Users\gmm71\OneDrive - University of Cambridge\Documents\Emulation models\abm-epidemic-emulator\venv\Scripts\python.exe C:\Users\gmm71\OneDrive - University of Cambridge\Documents\Emulation models\abm-epidemic-emulator\experiments\lhs-sampling\scripts\Step2_data_split.py
2026-06-16 13:53:10,869 [INFO] OVERRIDE augmentation: removing epidemic_data_age_adaptive_sobol_split_augmented.pkl
2026-06-16 13:53:10,869 [INFO] RUN: C:\Users\gmm71\OneDrive - University of Cambridge\Documents\Emulation models\abm-epidemic-emulator\venv\Scripts\python.exe C:\Users\gmm71\OneDrive - University of Cambridge\Documents\Emulation models\abm-epidemic-emulator\experiments\lhs-sampling\scripts\step2_data_augmentation.py
2026-06-16 13:53:12,246 [INFO] Data prep for LHS in 93.7s
2026-06-16 13:53:12,246 [INFO] OVERRIDE sampling: removing epidemic_data_age_adaptive_sobol.pkl
2026-06-16 13:53:12,248 [INFO] RUN: C:\Users\gmm71\OneDrive - University of Cambridge\Documents\Emulation models\abm-epidemic-emulator\venv\Scripts\python.exe C:\Users\gmm71\OneDrive - University of Cambridge\Documents\Emulation models\abm-epidemic-emulator\experiments\mcmc-sampling\scripts\step1_mcmc_sampling.py
2026-06-16 13:54:10,913 [INFO] OVERRIDE split: removing epidemic_data_age_adaptive_sobol_split.pkl
2026-06-16 13:54:10,919 [INFO] RUN: C:\Users\gmm71\OneDrive - University of Cambridge\Documents\Emulation models\abm-epidemic-emulator\venv\Scripts\python.exe C:\Users\gmm71\OneDrive - University of Cambridge\Documents\Emulation models\abm-epidemic-emulator\experiments\mcmc-sampling\scripts\step2_split.py
2026-06-16 13:54:13,063 [INFO] OVERRIDE augmentation: removing epidemic_data_age_adaptive_sobol_split_augmented.pkl
2026-06-16 13:54:13,069 [INFO] RUN: C:\Users\gmm71\OneDrive - University of Cambridge\Documents\Emulation models\abm-epidemic-emulator\venv\Scripts\python.exe C:\Users\gmm71\OneDrive - University of Cambridge\Documents\Emulation models\abm-epidemic-emulator\experiments\mcmc-sampling\scripts\step2A_augmented.py
2026-06-16 13:54:18,591 [INFO] Data prep for MCMC in 66.3s
2026-06-16 13:54:18,591 [INFO] OVERRIDE sampling: removing epidemic_data_age_adaptive_sobol.pkl
2026-06-16 13:54:18,591 [INFO] RUN: C:\Users\gmm71\OneDrive - University of Cambridge\Documents\Emulation models\abm-epidemic-emulator\venv\Scripts\python.exe C:\Users\gmm71\OneDrive - University of Cambridge\Documents\Emulation models\abm-epidemic-emulator\experiments\random-sampling\scripts\Step1_Random_sampling.py
2026-06-16 13:55:48,860 [INFO] OVERRIDE split: removing epidemic_data_age_adaptive_sobol_split.pkl
2026-06-16 13:55:48,860 [INFO] RUN: C:\Users\gmm71\OneDrive - University of Cambridge\Documents\Emulation models\abm-epidemic-emulator\venv\Scripts\python.exe C:\Users\gmm71\OneDrive - University of Cambridge\Documents\Emulation models\abm-epidemic-emulator\experiments\random-sampling\scripts\Step2_data_split.py
2026-06-16 13:55:49,462 [INFO] OVERRIDE augmentation: removing epidemic_data_age_adaptive_sobol_split_augmented.pkl
2026-06-16 13:55:49,467 [INFO] RUN: C:\Users\gmm71\OneDrive - University of Cambridge\Documents\Emulation models\abm-epidemic-emulator\venv\Scripts\python.exe C:\Users\gmm71\OneDrive - University of Cambridge\Documents\Emulation models\abm-epidemic-emulator\experiments\random-sampling\scripts\step2A_augmented.py
2026-06-16 13:55:50,784 [INFO] Data prep for Random in 92.2s
2026-06-16 13:55:50,784 [INFO] Skipping training: LHS_aug already has checkpoints
2026-06-16 13:55:50,784 [INFO] Trained LHS_aug in 0.0s
2026-06-16 13:55:50,803 [INFO] Skipping training: LHS_noaug already has checkpoints
2026-06-16 13:55:50,803 [INFO] Trained LHS_noaug in 0.0s
2026-06-16 13:55:50,803 [INFO] Skipping training: MCMC_aug already has checkpoints
2026-06-16 13:55:50,803 [INFO] Trained MCMC_aug in 0.0s
2026-06-16 13:55:50,803 [INFO] Skipping training: MCMC_noaug already has checkpoints
2026-06-16 13:55:50,803 [INFO] Trained MCMC_noaug in 0.0s
2026-06-16 13:55:50,806 [INFO] Skipping training: Random_aug already has checkpoints
2026-06-16 13:55:50,806 [INFO] Trained Random_aug in 0.0s
2026-06-16 13:55:50,806 [INFO] Skipping training: Random_noaug already has checkpoints
2026-06-16 13:55:50,807 [INFO] Trained Random_noaug in 0.0s
2026-06-16 13:55:50,807 [INFO] Skipping Phase 1.5 (validation) per --skip-validation
2026-06-16 13:55:50,807 [INFO] Skipping Phase 2 (test) per --skip-test
2026-06-16 13:55:50,807 [INFO] DONE. Validation CSV: C:\Users\gmm71\OneDrive - University of Cambridge\Documents\Emulation models\abm-epidemic-emulator\experiments\runs\validation\validation_results.csv
2026-06-18 13:55:43,217 [INFO] Project root : C:\Users\gmm71\OneDrive - University of Cambridge\Documents\Emulation models\abm-epidemic-emulator
2026-06-18 13:55:43,217 [INFO] Plan         : 6 trainings, 18 evaluation conditions
2026-06-18 13:55:43,217 [WARNING] --force-data-prep set: existing raw/split/augmented files will be regenerated.
2026-06-18 13:55:43,217 [INFO] RUN: C:\Users\gmm71\OneDrive - University of Cambridge\Documents\Emulation models\abm-epidemic-emulator\venv\Scripts\python.exe C:\Users\gmm71\OneDrive - University of Cambridge\Documents\Emulation models\abm-epidemic-emulator\experiments\lhs-sampling\scripts\step1_LHS sampling.py
