
  Input  : C:\Users\gmm71\OneDrive - University of Cambridge\Documents\Emulation models\abm-epidemic-emulator\experiments\mcmc-sampling\data\raw\epidemic_data_age_adaptive_sobol.pkl
  Output : C:\Users\gmm71\OneDrive - University of Cambridge\Documents\Emulation models\abm-epidemic-emulator\experiments\mcmc-sampling\data\split\epidemic_data_age_adaptive_sobol_split.pkl
  CSV    : C:\Users\gmm71\OneDrive - University of Cambridge\Documents\Emulation models\abm-epidemic-emulator\experiments\mcmc-sampling\data\split\epidemic_data_age_adaptive_sobol_train_params.csv

Loading C:\Users\gmm71\OneDrive - University of Cambridge\Documents\Emulation models\abm-epidemic-emulator\experiments\mcmc-sampling\data\raw\epidemic_data_age_adaptive_sobol.pkl
  40 simulations loaded

Dataset summary
  Total simulations : 40
  Unique param sets : 40
  Avg replicates/set: 1.00

Split summary
  Train :   28 param sets  |      28 simulations
  Val   :    6 param sets  |       6 simulations
  Test  :    6 param sets  |       6 simulations

R0 coverage per split  (R₀ = tau/gamma × 34.000)
  train  R₀<0.5:    4 (14.3%)  0.5–1.5:   16 (57.1%)  >1.5:    8 (28.6%)  mean=1.146
  val    R₀<0.5:    2 (33.3%)  0.5–1.5:    1 (16.7%)  >1.5:    3 (50.0%)  mean=1.008
  test   R₀<0.5:    4 (66.7%)  0.5–1.5:    1 (16.7%)  >1.5:    1 (16.7%)  mean=0.611

Saved split pickle C:\Users\gmm71\OneDrive - University of Cambridge\Documents\Emulation models\abm-epidemic-emulator\experiments\mcmc-sampling\data\split\epidemic_data_age_adaptive_sobol_split.pkl  (14.55 MB)

Training CSV: 28 rows
R₀ < 0.5 :     4  (14.3%)
0.5 ≤ R₀ ≤ 1.5 :    16  (57.1%)
R₀ > 1.5:     8  (28.6%)
  Near threshold (±0.2): 10 (35.7%)

Saved CSV : C:\Users\gmm71\OneDrive - University of Cambridge\Documents\Emulation models\abm-epidemic-emulator\experiments\mcmc-sampling\data\split\epidemic_data_age_adaptive_sobol_train_params.csv
 Split pickle : C:\Users\gmm71\OneDrive - University of Cambridge\Documents\Emulation models\abm-epidemic-emulator\experiments\mcmc-sampling\data\split\epidemic_data_age_adaptive_sobol_split.pkl
  Training CSV : C:\Users\gmm71\OneDrive - University of Cambridge\Documents\Emulation models\abm-epidemic-emulator\experiments\mcmc-sampling\data\split\epidemic_data_age_adaptive_sobol_train_params.csv
